[2026-03-24 15:24:59] Daemon started (pid=2357686, interval=1800s)
[2026-03-24 15:25:01] Day3.98 | 🐦173 | 预测276±48 | HOLD [LOW] | P&L +19.8%
[2026-03-24 15:55:02] Day4.0 | 🐦173 | 预测275±48 | HOLD [LOW] | P&L +25.2%
[2026-03-24 16:13:02] Daemon shutting down
[2026-03-24 16:13:04] Daemon started (pid=2384541, interval=300s)
[2026-03-24 16:13:05] Day4.01 | 🐦173 | 预测274±48 | HOLD [LOW] | P&L +36.3%
[2026-03-24 16:18:06] Day4.01 | 🐦173 | 预测274±48 | HOLD [LOW] | P&L +37.7%
[2026-03-24 16:23:07] Day4.02 | 🐦173 | 预测274±48 | HOLD [LOW] | P&L +38.2%
[2026-03-24 16:28:08] Day4.02 | 🐦173 | 预测273±48 | HOLD [LOW] | P&L +38.2%
[2026-03-24 16:33:08] Day4.02 | 🐦173 | 预测273±48 | HOLD [LOW] | P&L +42.0%
[2026-03-24 16:38:09] Day4.03 | 🐦173 | 预测273±48 | HOLD [LOW] | P&L +42.0%
[2026-03-24 16:43:10] Day4.03 | 🐦173 | 预测273±48 | HOLD [LOW] | P&L +45.0%
[2026-03-24 16:48:11] Day4.03 | 🐦173 | 预测273±48 | HOLD [LOW] | P&L +45.0%
[2026-03-24 16:53:12] Day4.04 | 🐦173 | 预测273±48 | HOLD [LOW] | P&L +45.0%
[2026-03-24 16:58:12] Day4.04 | 🐦173 | 预测272±48 | HOLD [LOW] | P&L +45.0%
[2026-03-24 17:03:13] Day4.04 | 🐦173 | 预测272±48 | HOLD [LOW] | P&L +45.0%
[2026-03-24 17:08:14] Day4.05 | 🐦173 | 预测272±48 | HOLD [LOW] | P&L +45.0%
[2026-03-24 17:13:14] Day4.05 | 🐦173 | 预测272±48 | HOLD [LOW] | P&L +48.8%
[2026-03-24 17:18:15] Day4.05 | 🐦174 | 预测274±48 | HOLD [LOW] | P&L +45.0%
[2026-03-24 17:23:16] Day4.06 | 🐦174 | 预测274±48 | HOLD [LOW] | P&L +47.9%
[2026-03-24 17:28:16] Day4.06 | 🐦174 | 预测273±48 | HOLD [LOW] | P&L +47.9%
[2026-03-24 17:33:17] Day4.06 | 🐦174 | 预测273±47 | HOLD [LOW] | P&L +47.9%
[2026-03-24 17:38:18] Day4.07 | 🐦174 | 预测273±47 | HOLD [LOW] | P&L +45.0%
[2026-03-24 17:43:19] Day4.07 | 🐦174 | 预测273±47 | HOLD [LOW] | P&L +45.0%
[2026-03-24 17:48:19] Day4.08 | 🐦174 | 预测273±47 | HOLD [LOW] | P&L +44.1%
[2026-03-24 17:53:20] Day4.08 | 🐦174 | 预测273±47 | HOLD [LOW] | P&L +41.1%
[2026-03-24 17:58:21] Day4.08 | 🐦174 | 预测272±47 | HOLD [LOW] | P&L +41.1%
[2026-03-24 18:03:21] Day4.09 | 🐦174 | 预测272±47 | HOLD [LOW] | P&L +41.1%
[2026-03-24 18:08:22] Day4.09 | 🐦174 | 预测272±47 | HOLD [LOW] | P&L +41.1%
[2026-03-24 18:13:23] Day4.09 | 🐦174 | 预测272±47 | HOLD [LOW] | P&L +41.1%
[2026-03-24 18:18:23] Day4.1 | 🐦174 | 预测272±47 | HOLD [LOW] | P&L +41.1%
[2026-03-24 18:23:24] Day4.1 | 🐦175 | 预测274±47 | HOLD [LOW] | P&L +41.1%
[2026-03-24 18:28:25] Day4.1 | 🐦175 | 预测273±47 | HOLD [LOW] | P&L +41.1%
[2026-03-24 18:33:26] Day4.11 | 🐦175 | 预测273±47 | HOLD [LOW] | P&L +41.1%
[2026-03-24 18:38:27] Day4.11 | 🐦175 | 预测273±47 | HOLD [LOW] | P&L +41.1%
[2026-03-24 18:43:28] Day4.11 | 🐦175 | 预测273±47 | HOLD [LOW] | P&L +44.1%
[2026-03-24 18:48:28] Day4.12 | 🐦175 | 预测273±47 | HOLD [LOW] | P&L +44.1%
[2026-03-24 18:53:29] Day4.12 | 🐦175 | 预测273±47 | HOLD [LOW] | P&L +41.1%
[2026-03-24 18:58:30] Day4.12 | 🐦175 | 预测272±47 | HOLD [LOW] | P&L +41.1%
[2026-03-24 19:03:30] Day4.13 | 🐦175 | 预测272±47 | HOLD [LOW] | P&L +41.1%
[2026-03-24 19:08:31] Day4.13 | 🐦175 | 预测272±47 | HOLD [LOW] | P&L +41.1%
[2026-03-24 19:13:32] Day4.13 | 🐦175 | 预测272±47 | HOLD [LOW] | P&L +45.0%
[2026-03-24 19:18:32] Day4.14 | 🐦175 | 预测272±47 | HOLD [LOW] | P&L +45.0%
[2026-03-24 19:23:33] Day4.14 | 🐦175 | 预测271±47 | HOLD [LOW] | P&L +45.0%
[2026-03-24 19:28:34] Day4.14 | 🐦175 | 预测271±47 | HOLD [LOW] | P&L +45.0%
[2026-03-24 19:33:35] Day4.15 | 🐦175 | 预测271±47 | HOLD [LOW] | P&L +45.0%
[2026-03-24 19:38:35] Day4.15 | 🐦175 | 预测271±47 | HOLD [LOW] | P&L +45.0%
[2026-03-24 19:43:36] Day4.16 | 🐦175 | 预测271±47 | HOLD [LOW] | P&L +45.0%
[2026-03-24 19:48:37] Day4.16 | 🐦175 | 预测271±47 | HOLD [LOW] | P&L +45.0%
[2026-03-24 19:53:37] Day4.16 | 🐦175 | 预测270±47 | HOLD [LOW] | P&L +41.1%
[2026-03-24 19:58:38] Day4.17 | 🐦175 | 预测270±47 | HOLD [LOW] | P&L +41.1%
[2026-03-24 20:03:38] Day4.17 | 🐦175 | 预测270±47 | HOLD [LOW] | P&L +42.1%
[2026-03-24 20:08:39] Day4.17 | 🐦175 | 预测270±47 | HOLD [LOW] | P&L +42.1%
[2026-03-24 20:13:40] Day4.18 | 🐦175 | 预测270±47 | HOLD [LOW] | P&L +42.1%
[2026-03-24 20:18:40] Day4.18 | 🐦175 | 预测270±47 | HOLD [LOW] | P&L +39.2%
[2026-03-24 20:23:41] Day4.18 | 🐦175 | 预测269±47 | HOLD [MEDIUM] | P&L +37.3%
[2026-03-24 20:28:42] Day4.19 | 🐦175 | 预测269±47 | HOLD [MEDIUM] | P&L +34.3%
[2026-03-24 20:33:42] Day4.19 | 🐦175 | 预测269±46 | HOLD [MEDIUM] | P&L +41.1%
[2026-03-24 20:38:43] Day4.19 | 🐦175 | 预测269±46 | HOLD [MEDIUM] | P&L +38.2%
[2026-03-24 20:43:44] Day4.2 | 🐦175 | 预测269±46 | HOLD [MEDIUM] | P&L +38.2%
[2026-03-24 20:48:45] Day4.2 | 🐦175 | 预测269±46 | HOLD [MEDIUM] | P&L +36.3%
[2026-03-24 20:53:46] Day4.2 | 🐦175 | 预测268±46 | HOLD [MEDIUM] | P&L +36.3%
[2026-03-24 20:58:46] Day4.21 | 🐦176 | 预测270±46 | HOLD [LOW] | P&L +35.3%
[2026-03-24 21:03:47] Day4.21 | 🐦176 | 预测270±46 | HOLD [LOW] | P&L +31.4%
[2026-03-24 21:08:47] Day4.21 | 🐦176 | 预测270±46 | HOLD [LOW] | P&L +31.4%
[2026-03-24 21:13:48] Day4.22 | 🐦176 | 预测270±46 | HOLD [LOW] | P&L +31.4%
[2026-03-24 21:18:49] Day4.22 | 🐦176 | 预测270±46 | HOLD [LOW] | P&L +31.4%
[2026-03-24 21:23:49] Day4.22 | 🐦176 | 预测269±46 | HOLD [MEDIUM] | P&L +31.4%
[2026-03-24 21:28:50] Day4.23 | 🐦176 | 预测269±46 | HOLD [MEDIUM] | P&L +31.4%
[2026-03-24 21:33:51] Day4.23 | 🐦176 | 预测269±46 | HOLD [MEDIUM] | P&L +31.4%
[2026-03-24 21:38:51] Day4.24 | 🐦176 | 预测269±46 | HOLD [MEDIUM] | P&L +31.4%
[2026-03-24 21:43:52] Day4.24 | 🐦176 | 预测269±46 | HOLD [MEDIUM] | P&L +31.4%
[2026-03-24 21:48:53] Day4.24 | 🐦176 | 预测269±46 | HOLD [MEDIUM] | P&L +31.4%
[2026-03-24 21:53:53] Day4.25 | 🐦176 | 预测268±46 | HOLD [MEDIUM] | P&L +31.4%
[2026-03-24 21:58:54] Day4.25 | 🐦176 | 预测268±46 | HOLD [MEDIUM] | P&L +31.4%
[2026-03-24 22:03:55] Day4.25 | 🐦176 | 预测268±46 | HOLD [MEDIUM] | P&L +27.5%
[2026-03-24 22:08:55] Day4.26 | 🐦176 | 预测268±46 | HOLD [MEDIUM] | P&L +23.7%
[2026-03-24 22:13:56] Day4.26 | 🐦176 | 预测268±46 | HOLD [MEDIUM] | P&L +20.7%
[2026-03-24 22:18:57] Day4.26 | 🐦176 | 预测267±46 | HOLD [MEDIUM] | P&L +23.7%
[2026-03-24 22:23:57] Day4.27 | 🐦176 | 预测267±46 | HOLD [MEDIUM] | P&L +20.7%
[2026-03-24 22:28:58] Day4.27 | 🐦176 | 预测267±46 | HOLD [MEDIUM] | P&L +22.2%
[2026-03-24 22:33:59] Day4.27 | 🐦176 | 预测267±46 | HOLD [MEDIUM] | P&L +22.2%
[2026-03-24 22:39:00] Day4.28 | 🐦176 | 预测267±46 | HOLD [MEDIUM] | P&L +22.2%
[2026-03-24 22:44:01] Day4.28 | 🐦176 | 预测267±46 | HOLD [MEDIUM] | P&L +22.2%
[2026-03-24 22:49:02] Day4.28 | 🐦176 | 预测266±46 | HOLD [MEDIUM] | P&L +22.2%
[2026-03-24 22:54:03] Day4.29 | 🐦176 | 预测266±46 | HOLD [MEDIUM] | P&L +20.7%
[2026-03-24 22:59:04] Day4.29 | 🐦176 | 预测266±46 | HOLD [MEDIUM] | P&L +22.2%
[2026-03-24 23:04:05] Day4.29 | 🐦176 | 预测266±46 | HOLD [MEDIUM] | P&L +22.2%
[2026-03-24 23:09:05] Day4.3 | 🐦176 | 预测266±46 | HOLD [MEDIUM] | P&L +22.2%
[2026-03-24 23:14:07] Day4.3 | 🐦176 | 预测266±46 | HOLD [MEDIUM] | P&L +20.7%
[2026-03-24 23:19:07] Day4.3 | 🐦176 | 预测265±46 | HOLD [MEDIUM] | P&L +20.7%
[2026-03-24 23:24:08] Day4.31 | 🐦176 | 预测265±46 | HOLD [MEDIUM] | P&L +20.7%
[2026-03-24 23:29:09] Day4.31 | 🐦176 | 预测265±46 | HOLD [MEDIUM] | P&L +19.3%
[2026-03-24 23:34:09] Day4.32 | 🐦176 | 预测265±45 | HOLD [MEDIUM] | P&L +17.8%
[2026-03-24 23:39:10] Day4.32 | 🐦176 | 预测265±45 | HOLD [MEDIUM] | P&L +17.8%
[2026-03-24 23:44:11] Day4.32 | 🐦176 | 预测265±45 | HOLD [MEDIUM] | P&L +17.8%
[2026-03-24 23:49:12] Day4.33 | 🐦176 | 预测264±45 | HOLD [MEDIUM] | P&L +17.8%
[2026-03-24 23:54:14] Day4.33 | 🐦176 | 预测264±45 | HOLD [MEDIUM] | P&L +17.8%
[2026-03-24 23:59:14] Day4.33 | 🐦176 | 预测264±45 | HOLD [MEDIUM] | P&L +17.8%
[2026-03-25 00:04:59] Day4.34 | 🐦178 | 预测233±43.0 | STOP_LOSS [CRITICAL] | P&L +20.7%
[2026-03-25 00:10:39] Day4.34 | 🐦178 | 预测233±43.0 | STOP_LOSS [CRITICAL] | P&L +21.2%
[2026-03-25 00:16:10] Day4.34 | 🐦178 | 预测233±43.0 | STOP_LOSS [CRITICAL] | P&L +21.2%
[2026-03-25 00:21:40] Day4.35 | 🐦178 | 预测232±43.0 | STOP_LOSS [CRITICAL] | P&L +24.6%
[2026-03-25 00:27:13] Day4.35 | 🐦178 | 预测232±43.0 | STOP_LOSS [CRITICAL] | P&L +24.6%
[2026-03-25 00:32:46] Day4.36 | 🐦178 | 预测232±43.0 | STOP_LOSS [CRITICAL] | P&L +23.6%
[2026-03-25 00:38:13] Day4.36 | 🐦178 | 预测232±43.0 | STOP_LOSS [CRITICAL] | P&L +25.5%
[2026-03-25 00:43:14] Day4.36 | 🐦178 | 预测279±43.0 | HOLD [LOW] | P&L +25.5%
[2026-03-25 00:48:14] Day4.37 | 🐦179 | 预测279±43.0 | HOLD [LOW] | P&L +25.5%
[2026-03-25 00:53:16] Day4.37 | 🐦179 | 预测279±43.0 | HOLD [LOW] | P&L +25.5%
[2026-03-25 00:58:17] Day4.37 | 🐦179 | 预测279±43.0 | HOLD [LOW] | P&L +28.5%
[2026-03-25 01:03:17] Day4.38 | 🐦179 | 预测279±43.0 | HOLD [LOW] | P&L +28.5%
[2026-03-25 01:08:18] Day4.38 | 🐦179 | 预测279±43.0 | HOLD [LOW] | P&L +28.5%
[2026-03-25 01:13:19] Day4.38 | 🐦179 | 预测279±43.0 | HOLD [LOW] | P&L +28.5%
[2026-03-25 01:18:19] Day4.39 | 🐦179 | 预测278±43.0 | HOLD [LOW] | P&L +28.5%
[2026-03-25 01:23:20] Day4.39 | 🐦179 | 预测278±43.0 | HOLD [LOW] | P&L +28.5%
[2026-03-25 01:28:20] Day4.39 | 🐦179 | 预测278±43.0 | HOLD [LOW] | P&L +28.5%
[2026-03-25 01:33:21] Day4.4 | 🐦179 | 预测278±43.0 | HOLD [LOW] | P&L +28.5%
[2026-03-25 01:38:22] Day4.4 | 🐦179 | 预测278±43.0 | HOLD [LOW] | P&L +28.5%
[2026-03-25 01:39:30] Daemon shutting down
[2026-03-25 01:39:33] Daemon started (pid=2731048, interval=300s)
[2026-03-25 01:39:34] Day4.4 | 🐦179 | 预测308±45 | HOLD [LOW] | P&L +28.5%
[2026-03-25 01:39:40] Daemon shutting down
[2026-03-25 01:39:41] Daemon started (pid=2731374, interval=300s)
[2026-03-25 01:39:42] Day4.4 | 🐦179 | 预测308±45 | HOLD [LOW] | P&L +28.5%
[2026-03-25 01:40:40] Daemon started (pid=2732025, interval=300s)
[2026-03-25 01:40:41] Day4.4 | 🐦179 | 预测308±45 | HOLD [LOW] | P&L +28.5%
[2026-03-25 01:44:43] Day4.41 | 🐦179 | 预测307±45 | HOLD [LOW] | P&L +28.5%
[2026-03-25 01:45:42] Day4.41 | 🐦179 | 预测307±45 | HOLD [LOW] | P&L +28.5%
[2026-03-25 01:49:43] Day4.41 | 🐦179 | 预测307±45 | HOLD [LOW] | P&L +31.4%
[2026-03-25 01:50:43] Day4.41 | 🐦179 | 预测307±45 | HOLD [LOW] | P&L +31.4%
[2026-03-25 01:54:44] Day4.41 | 🐦179 | 预测307±45 | HOLD [LOW] | P&L +31.4%
[2026-03-25 01:55:44] Day4.41 | 🐦179 | 预测307±45 | HOLD [LOW] | P&L +31.4%
[2026-03-25 01:59:44] Day4.42 | 🐦179 | 预测307±45 | HOLD [LOW] | P&L +28.5%
[2026-03-25 02:00:44] Day4.42 | 🐦179 | 预测307±45 | HOLD [LOW] | P&L +28.5%
[2026-03-25 02:04:45] Day4.42 | 🐦179 | 预测307±45 | HOLD [LOW] | P&L +29.9%
[2026-03-25 02:05:45] Day4.42 | 🐦179 | 预测307±45 | HOLD [LOW] | P&L +29.9%
[2026-03-25 02:09:46] Day4.42 | 🐦179 | 预测307±45 | HOLD [LOW] | P&L +20.7%
[2026-03-25 02:10:46] Day4.42 | 🐦179 | 预测307±45 | HOLD [LOW] | P&L +20.7%
[2026-03-25 02:14:47] Day4.43 | 🐦179 | 预测306±45 | HOLD [LOW] | P&L +20.7%
[2026-03-25 02:15:47] Day4.43 | 🐦179 | 预测306±45 | HOLD [LOW] | P&L +20.7%
[2026-03-25 02:19:48] Day4.43 | 🐦179 | 预测306±45 | HOLD [LOW] | P&L +20.7%
[2026-03-25 02:20:47] Day4.43 | 🐦179 | 预测306±45 | HOLD [LOW] | P&L +20.7%
[2026-03-25 02:24:49] Day4.43 | 🐦179 | 预测306±45 | HOLD [LOW] | P&L +22.2%
[2026-03-25 02:25:48] Day4.43 | 🐦179 | 预测306±45 | HOLD [LOW] | P&L +22.2%
[2026-03-25 02:29:49] Day4.44 | 🐦179 | 预测306±45 | HOLD [LOW] | P&L +22.2%
[2026-03-25 02:30:50] Day4.44 | 🐦179 | 预测306±44 | HOLD [LOW] | P&L +22.2%
[2026-03-25 02:34:50] Day4.44 | 🐦179 | 预测306±44 | HOLD [LOW] | P&L +20.7%
[2026-03-25 02:35:51] Day4.44 | 🐦179 | 预测306±44 | HOLD [LOW] | P&L +19.3%
[2026-03-25 02:39:51] Day4.44 | 🐦179 | 预测306±44 | HOLD [LOW] | P&L +20.7%
[2026-03-25 02:40:51] Day4.45 | 🐦179 | 预测306±44 | HOLD [LOW] | P&L +20.7%
[2026-03-25 02:44:52] Day4.45 | 🐦179 | 预测305±44 | HOLD [LOW] | P&L +20.7%
[2026-03-25 02:45:52] Day4.45 | 🐦179 | 预测305±44 | HOLD [LOW] | P&L +20.7%
[2026-03-25 02:49:52] Day4.45 | 🐦179 | 预测305±44 | HOLD [LOW] | P&L +23.1%
[2026-03-25 02:50:53] Day4.45 | 🐦179 | 预测305±44 | HOLD [LOW] | P&L +23.1%
[2026-03-25 02:54:53] Day4.45 | 🐦179 | 预测305±44 | HOLD [LOW] | P&L +23.1%
[2026-03-25 02:55:54] Day4.46 | 🐦179 | 预测305±44 | HOLD [LOW] | P&L +23.1%
[2026-03-25 02:59:54] Day4.46 | 🐦179 | 预测305±44 | HOLD [LOW] | P&L +25.5%
[2026-03-25 03:00:55] Day4.46 | 🐦179 | 预测305±44 | HOLD [LOW] | P&L +25.5%
[2026-03-25 03:04:54] Day4.46 | 🐦179 | 预测305±44 | HOLD [LOW] | P&L +23.6%
[2026-03-25 03:05:55] Day4.46 | 🐦179 | 预测305±44 | HOLD [LOW] | P&L +23.6%
[2026-03-25 03:09:55] Day4.47 | 🐦179 | 预测305±44 | HOLD [LOW] | P&L +25.1%
[2026-03-25 03:10:56] Day4.47 | 🐦179 | 预测305±44 | HOLD [LOW] | P&L +25.1%
[2026-03-25 03:14:56] Day4.47 | 🐦179 | 预测304±44 | HOLD [LOW] | P&L +23.6%
[2026-03-25 03:15:57] Day4.47 | 🐦179 | 预测304±44 | HOLD [LOW] | P&L +23.6%
[2026-03-25 03:19:57] Day4.47 | 🐦179 | 预测304±44 | HOLD [LOW] | P&L +23.6%
[2026-03-25 03:20:57] Day4.47 | 🐦179 | 预测304±44 | HOLD [LOW] | P&L +23.1%
[2026-03-25 03:24:58] Day4.48 | 🐦179 | 预测304±44 | HOLD [LOW] | P&L +23.1%
[2026-03-25 03:25:58] Day4.48 | 🐦179 | 预测304±44 | HOLD [LOW] | P&L +23.1%
[2026-03-25 03:29:58] Day4.48 | 🐦179 | 预测304±44 | HOLD [LOW] | P&L +24.6%
[2026-03-25 03:30:59] Day4.48 | 🐦179 | 预测304±44 | HOLD [LOW] | P&L +24.6%
[2026-03-25 03:34:59] Day4.48 | 🐦179 | 预测304±44 | HOLD [LOW] | P&L +24.6%
[2026-03-25 03:35:59] Day4.48 | 🐦179 | 预测304±44 | HOLD [LOW] | P&L +21.7%
[2026-03-25 03:40:00] Day4.49 | 🐦179 | 预测304±44 | HOLD [LOW] | P&L +24.6%
[2026-03-25 03:41:00] Day4.49 | 🐦179 | 预测304±44 | HOLD [LOW] | P&L +24.6%
[2026-03-25 03:45:01] Day4.49 | 🐦179 | 预测303±44 | HOLD [LOW] | P&L +24.6%
[2026-03-25 03:46:01] Day4.49 | 🐦179 | 预测303±44 | HOLD [LOW] | P&L +24.6%
[2026-03-25 03:50:02] Day4.49 | 🐦179 | 预测303±44 | HOLD [LOW] | P&L +24.6%
[2026-03-25 03:51:02] Day4.49 | 🐦179 | 预测303±44 | HOLD [LOW] | P&L +24.6%
[2026-03-25 03:55:03] Day4.5 | 🐦179 | 预测303±44 | HOLD [LOW] | P&L +24.6%
[2026-03-25 03:56:03] Day4.5 | 🐦179 | 预测303±44 | HOLD [LOW] | P&L +24.6%
[2026-03-25 04:00:04] Day4.5 | 🐦179 | 预测303±44 | HOLD [LOW] | P&L +24.6%
[2026-03-25 04:01:04] Day4.5 | 🐦179 | 预测303±44 | HOLD [LOW] | P&L +24.6%
[2026-03-25 04:05:05] Day4.5 | 🐦179 | 预测303±44 | HOLD [LOW] | P&L +21.7%
[2026-03-25 04:06:05] Day4.5 | 🐦180 | 预测304±44 | HOLD [LOW] | P&L +21.7%
[2026-03-25 04:10:06] Day4.51 | 🐦180 | 预测304±44 | HOLD [LOW] | P&L +21.7%
[2026-03-25 04:11:06] Day4.51 | 🐦180 | 预测303±44 | HOLD [LOW] | P&L +21.7%
[2026-03-25 04:15:07] Day4.51 | 🐦180 | 预测303±44 | HOLD [LOW] | P&L +21.7%
[2026-03-25 04:16:06] Day4.51 | 🐦180 | 预测303±44 | HOLD [LOW] | P&L +21.7%
[2026-03-25 04:20:08] Day4.51 | 🐦180 | 预测303±44 | HOLD [LOW] | P&L +21.7%
[2026-03-25 04:21:07] Day4.51 | 🐦180 | 预测303±44 | HOLD [LOW] | P&L +21.7%
[2026-03-25 04:25:09] Day4.52 | 🐦180 | 预测303±44 | HOLD [LOW] | P&L +21.7%
[2026-03-25 04:26:08] Day4.52 | 🐦180 | 预测303±44 | HOLD [LOW] | P&L +21.7%
[2026-03-25 04:30:10] Day4.52 | 🐦180 | 预测303±44 | HOLD [LOW] | P&L +21.7%
[2026-03-25 04:31:09] Day4.52 | 🐦180 | 预测303±44 | HOLD [LOW] | P&L +21.7%
[2026-03-25 04:35:11] Day4.52 | 🐦180 | 预测303±44 | HOLD [LOW] | P&L +21.7%
[2026-03-25 04:36:10] Day4.53 | 🐦180 | 预测303±44 | HOLD [LOW] | P&L +21.7%
[2026-03-25 04:40:11] Day4.53 | 🐦180 | 预测302±44 | HOLD [LOW] | P&L +21.7%
[2026-03-25 04:41:11] Day4.53 | 🐦181 | 预测303±44 | HOLD [LOW] | P&L +21.7%
[2026-03-25 04:45:12] Day4.53 | 🐦181 | 预测303±44 | HOLD [LOW] | P&L +21.7%
[2026-03-25 04:46:11] Day4.53 | 🐦183 | 预测305±44 | HOLD [LOW] | P&L +21.7%
[2026-03-25 04:50:13] Day4.53 | 🐦183 | 预测305±44 | HOLD [LOW] | P&L +26.1%
[2026-03-25 04:51:12] Day4.54 | 🐦183 | 预测305±44 | HOLD [LOW] | P&L +26.1%
[2026-03-25 04:55:14] Day4.54 | 🐦183 | 预测305±44 | HOLD [LOW] | P&L +28.5%
[2026-03-25 04:56:13] Day4.54 | 🐦183 | 预测305±44 | HOLD [LOW] | P&L +28.5%
[2026-03-25 05:00:15] Day4.54 | 🐦183 | 预测305±44 | HOLD [LOW] | P&L +30.4%
[2026-03-25 05:01:13] Day4.54 | 🐦183 | 预测305±44 | HOLD [LOW] | P&L +31.4%
[2026-03-25 05:05:16] Day4.55 | 🐦183 | 预测305±44 | HOLD [LOW] | P&L +31.4%
[2026-03-25 05:06:14] Day4.55 | 🐦183 | 预测305±44 | HOLD [LOW] | P&L +31.4%
[2026-03-25 05:10:17] Day4.55 | 🐦183 | 预测304±44 | HOLD [LOW] | P&L +29.9%
[2026-03-25 05:11:15] Day4.55 | 🐦183 | 预测304±44 | HOLD [LOW] | P&L +29.9%
[2026-03-25 05:15:18] Day4.55 | 🐦183 | 预测304±44 | HOLD [LOW] | P&L +29.9%
[2026-03-25 05:16:15] Day4.55 | 🐦186 | 预测307±44 | HOLD [LOW] | P&L +29.9%
[2026-03-25 05:20:18] Day4.56 | 🐦186 | 预测307±44 | HOLD [LOW] | P&L +31.4%
[2026-03-25 05:21:16] Day4.56 | 🐦187 | 预测308±44 | HOLD [LOW] | P&L +31.4%
[2026-03-25 05:25:19] Day4.56 | 🐦187 | 预测308±44 | HOLD [LOW] | P&L +33.3%
[2026-03-25 05:26:17] Day4.56 | 🐦187 | 预测308±44 | HOLD [LOW] | P&L +33.3%
[2026-03-25 05:30:20] Day4.56 | 🐦187 | 预测308±43 | HOLD [LOW] | P&L +33.3%
[2026-03-25 05:31:18] Day4.56 | 🐦187 | 预测308±43 | HOLD [LOW] | P&L +33.3%
[2026-03-25 05:35:21] Day4.57 | 🐦187 | 预测308±43 | HOLD [LOW] | P&L +35.3%
[2026-03-25 05:36:19] Day4.57 | 🐦187 | 预测308±43 | HOLD [LOW] | P&L +35.3%
[2026-03-25 05:40:22] Day4.57 | 🐦187 | 预测307±43 | HOLD [LOW] | P&L +31.4%
[2026-03-25 05:41:20] Day4.57 | 🐦187 | 预测307±43 | HOLD [LOW] | P&L +28.5%
[2026-03-25 05:45:23] Day4.57 | 🐦187 | 预测307±43 | HOLD [LOW] | P&L +28.5%
[2026-03-25 05:46:22] Day4.57 | 🐦187 | 预测307±43 | HOLD [LOW] | P&L +28.5%
[2026-03-25 05:50:24] Day4.58 | 🐦187 | 预测307±43 | HOLD [LOW] | P&L +31.4%
[2026-03-25 05:51:23] Day4.58 | 🐦187 | 预测307±43 | HOLD [LOW] | P&L +31.4%
[2026-03-25 05:55:25] Day4.58 | 🐦187 | 预测307±43 | HOLD [LOW] | P&L +33.3%
[2026-03-25 05:56:25] Day4.58 | 🐦187 | 预测307±43 | HOLD [LOW] | P&L +35.3%
[2026-03-25 06:00:27] Day4.58 | 🐦187 | 预测307±43 | HOLD [LOW] | P&L +32.3%
[2026-03-25 06:01:26] Day4.58 | 🐦187 | 预测307±43 | HOLD [LOW] | P&L +32.3%
[2026-03-25 06:05:27] Day4.59 | 🐦191 | 预测311±43 | HOLD [LOW] | P&L +32.3%
[2026-03-25 06:06:26] Day4.59 | 🐦191 | 预测311±43 | HOLD [LOW] | P&L +32.3%
[2026-03-25 06:10:28] Day4.59 | 🐦191 | 预测310±43 | HOLD [LOW] | P&L +34.2%
[2026-03-25 06:11:27] Day4.59 | 🐦191 | 预测310±43 | HOLD [LOW] | P&L +37.2%
[2026-03-25 06:15:30] Day4.59 | 🐦191 | 预测310±43 | HOLD [LOW] | P&L +37.2%
[2026-03-25 06:16:29] Day4.59 | 🐦191 | 预测310±43 | HOLD [LOW] | P&L +37.2%
[2026-03-25 06:20:31] Day4.6 | 🐦191 | 预测310±43 | HOLD [LOW] | P&L +42.0%
[2026-03-25 06:21:30] Day4.6 | 🐦191 | 预测310±43 | HOLD [LOW] | P&L +42.0%
[2026-03-25 06:25:32] Day4.6 | 🐦191 | 预测310±43 | HOLD [LOW] | P&L +38.2%
[2026-03-25 06:26:30] Day4.6 | 🐦191 | 预测310±43 | HOLD [LOW] | P&L +38.2%
[2026-03-25 06:30:33] Day4.6 | 🐦191 | 预测310±43 | HOLD [LOW] | P&L +38.2%
[2026-03-25 06:31:31] Day4.61 | 🐦191 | 预测310±43 | HOLD [LOW] | P&L +38.2%
[2026-03-25 06:35:33] Day4.61 | 🐦191 | 预测310±43 | HOLD [LOW] | P&L +38.2%
[2026-03-25 06:36:32] Day4.61 | 🐦191 | 预测310±43 | HOLD [LOW] | P&L +38.2%
[2026-03-25 06:40:34] Day4.61 | 🐦192 | 预测310±43 | HOLD [LOW] | P&L +38.2%
[2026-03-25 06:41:33] Day4.61 | 🐦192 | 预测310±43 | HOLD [LOW] | P&L +38.2%
[2026-03-25 06:45:35] Day4.61 | 🐦192 | 预测310±43 | HOLD [LOW] | P&L +40.1%
[2026-03-25 06:46:34] Day4.62 | 🐦192 | 预测310±43 | HOLD [LOW] | P&L +40.1%
[2026-03-25 06:50:36] Day4.62 | 🐦193 | 预测311±43 | HOLD [LOW] | P&L +44.0%
[2026-03-25 06:51:35] Day4.62 | 🐦193 | 预测311±43 | HOLD [LOW] | P&L +44.0%
[2026-03-25 06:55:36] Day4.62 | 🐦193 | 预测311±43 | HOLD [LOW] | P&L +44.0%
[2026-03-25 06:56:36] Day4.62 | 🐦193 | 预测311±43 | HOLD [LOW] | P&L +45.9%
[2026-03-25 07:00:37] Day4.63 | 🐦193 | 预测311±43 | HOLD [LOW] | P&L +45.9%
[2026-03-25 07:01:37] Day4.63 | 🐦193 | 预测311±43 | HOLD [LOW] | P&L +45.9%
[2026-03-25 07:05:38] Day4.63 | 🐦193 | 预测311±43 | HOLD [LOW] | P&L +45.9%
[2026-03-25 07:06:38] Day4.63 | 🐦193 | 预测310±43 | HOLD [LOW] | P&L +45.9%
[2026-03-25 07:10:39] Day4.63 | 🐦193 | 预测310±43 | HOLD [LOW] | P&L +45.9%
[2026-03-25 07:11:39] Day4.63 | 🐦193 | 预测310±43 | HOLD [LOW] | P&L +45.9%
[2026-03-25 07:15:40] Day4.64 | 🐦193 | 预测310±43 | HOLD [LOW] | P&L +45.9%
[2026-03-25 07:16:40] Day4.64 | 🐦193 | 预测310±43 | HOLD [LOW] | P&L +45.9%
[2026-03-25 07:20:41] Day4.64 | 🐦193 | 预测310±43 | HOLD [LOW] | P&L +45.9%
[2026-03-25 07:21:41] Day4.64 | 🐦193 | 预测310±43 | HOLD [LOW] | P&L +45.9%
[2026-03-25 07:25:42] Day4.64 | 🐦193 | 预测310±43 | HOLD [LOW] | P&L +47.8%
[2026-03-25 07:26:42] Day4.64 | 🐦193 | 预测310±43 | HOLD [LOW] | P&L +47.8%
[2026-03-25 07:30:43] Day4.65 | 🐦193 | 预测310±43 | HOLD [LOW] | P&L +51.2%
[2026-03-25 07:31:43] Day4.65 | 🐦193 | 预测310±43 | HOLD [LOW] | P&L +51.2%
[2026-03-25 07:35:44] Day4.65 | 🐦193 | 预测309±43 | HOLD [LOW] | P&L +51.2%
[2026-03-25 07:36:44] Day4.65 | 🐦193 | 预测309±43 | HOLD [LOW] | P&L +51.2%
[2026-03-25 07:40:45] Day4.65 | 🐦193 | 预测309±43 | HOLD [LOW] | P&L +49.3%
[2026-03-25 07:41:45] Day4.65 | 🐦193 | 预测309±43 | HOLD [LOW] | P&L +49.3%
[2026-03-25 07:45:46] Day4.66 | 🐦193 | 预测309±43 | HOLD [LOW] | P&L +49.3%
[2026-03-25 07:46:46] Day4.66 | 🐦193 | 预测309±43 | HOLD [LOW] | P&L +49.3%
[2026-03-25 07:50:46] Day4.66 | 🐦193 | 预测309±43 | HOLD [LOW] | P&L +47.4%
[2026-03-25 07:51:47] Day4.66 | 🐦193 | 预测309±43 | HOLD [LOW] | P&L +47.4%
[2026-03-25 07:55:47] Day4.66 | 🐦193 | 预测309±43 | HOLD [LOW] | P&L +47.4%
[2026-03-25 07:56:48] Day4.66 | 🐦193 | 预测309±43 | HOLD [LOW] | P&L +47.4%
[2026-03-25 08:00:48] Day4.67 | 🐦193 | 预测309±43 | HOLD [LOW] | P&L +45.9%
[2026-03-25 08:01:49] Day4.67 | 🐦193 | 预测309±43 | HOLD [LOW] | P&L +45.9%
[2026-03-25 08:05:49] Day4.67 | 🐦193 | 预测308±43 | HOLD [LOW] | P&L +50.8%
[2026-03-25 08:06:49] Day4.67 | 🐦193 | 预测308±43 | HOLD [LOW] | P&L +52.7%
[2026-03-25 08:10:50] Day4.67 | 🐦193 | 预测308±43 | HOLD [LOW] | P&L +52.7%
[2026-03-25 08:11:50] Day4.67 | 🐦193 | 预测308±43 | HOLD [LOW] | P&L +52.7%
[2026-03-25 08:15:50] Day4.68 | 🐦193 | 预测308±43 | HOLD [LOW] | P&L +49.8%
[2026-03-25 08:16:51] Day4.68 | 🐦193 | 预测308±43 | HOLD [LOW] | P&L +49.8%
[2026-03-25 08:20:51] Day4.68 | 🐦193 | 预测308±43 | HOLD [LOW] | P&L +49.8%
[2026-03-25 08:21:52] Day4.68 | 🐦193 | 预测308±43 | HOLD [LOW] | P&L +49.8%
[2026-03-25 08:25:52] Day4.68 | 🐦193 | 预测308±43 | HOLD [LOW] | P&L +49.8%
[2026-03-25 08:26:53] Day4.69 | 🐦193 | 预测308±43 | HOLD [LOW] | P&L +49.8%
[2026-03-25 08:30:53] Day4.69 | 🐦193 | 预测308±42 | HOLD [LOW] | P&L +49.8%
[2026-03-25 08:31:54] Day4.69 | 🐦193 | 预测308±42 | HOLD [LOW] | P&L +49.8%
[2026-03-25 08:35:53] Day4.69 | 🐦193 | 预测307±42 | HOLD [LOW] | P&L +49.8%
[2026-03-25 08:36:55] Day4.69 | 🐦193 | 预测307±42 | HOLD [LOW] | P&L +49.8%
[2026-03-25 08:40:54] Day4.7 | 🐦193 | 预测307±42 | HOLD [LOW] | P&L +48.3%
[2026-03-25 08:41:56] Day4.7 | 🐦193 | 预测307±42 | HOLD [LOW] | P&L +48.3%
[2026-03-25 08:45:55] Day4.7 | 🐦193 | 预测307±42 | HOLD [LOW] | P&L +46.8%
[2026-03-25 08:46:57] Day4.7 | 🐦193 | 预测307±42 | HOLD [LOW] | P&L +46.8%
[2026-03-25 08:50:56] Day4.7 | 🐦193 | 预测307±42 | HOLD [LOW] | P&L +46.8%
[2026-03-25 08:51:59] Day4.7 | 🐦193 | 预测307±42 | HOLD [LOW] | P&L +46.8%
[2026-03-25 08:55:57] Day4.71 | 🐦193 | 预测307±42 | HOLD [LOW] | P&L +46.8%
[2026-03-25 08:57:00] Day4.71 | 🐦193 | 预测307±42 | HOLD [LOW] | P&L +46.8%
[2026-03-25 09:00:58] Day4.71 | 🐦193 | 预测307±42 | HOLD [LOW] | P&L +48.7%
[2026-03-25 09:02:01] Day4.71 | 🐦193 | 预测307±42 | HOLD [LOW] | P&L +50.7%
[2026-03-25 09:05:59] Day4.71 | 🐦193 | 预测306±42 | HOLD [LOW] | P&L +50.7%
[2026-03-25 09:07:01] Day4.71 | 🐦193 | 预测306±42 | HOLD [LOW] | P&L +50.7%
[2026-03-25 09:11:00] Day4.72 | 🐦193 | 预测306±42 | HOLD [LOW] | P&L +50.7%
[2026-03-25 09:12:02] Day4.72 | 🐦193 | 预测306±42 | HOLD [LOW] | P&L +50.7%
[2026-03-25 09:16:01] Day4.72 | 🐦193 | 预测306±42 | HOLD [LOW] | P&L +50.7%
[2026-03-25 09:17:03] Day4.72 | 🐦193 | 预测306±42 | HOLD [LOW] | P&L +46.8%
[2026-03-25 09:21:02] Day4.72 | 🐦193 | 预测306±42 | HOLD [LOW] | P&L +46.8%
[2026-03-25 09:22:04] Day4.72 | 🐦193 | 预测306±42 | HOLD [LOW] | P&L +46.8%
[2026-03-25 09:26:03] Day4.73 | 🐦193 | 预测306±42 | HOLD [LOW] | P&L +44.9%
[2026-03-25 09:27:05] Day4.73 | 🐦193 | 预测306±42 | HOLD [LOW] | P&L +44.9%
[2026-03-25 09:31:04] Day4.73 | 🐦193 | 预测306±42 | HOLD [LOW] | P&L +43.0%
[2026-03-25 09:32:05] Day4.73 | 🐦193 | 预测306±42 | HOLD [LOW] | P&L +43.0%
[2026-03-25 09:36:04] Day4.73 | 🐦193 | 预测305±42 | HOLD [LOW] | P&L +40.0%
[2026-03-25 09:37:06] Day4.73 | 🐦193 | 预测305±42 | HOLD [LOW] | P&L +40.0%
[2026-03-25 09:41:05] Day4.74 | 🐦193 | 预测305±42 | HOLD [LOW] | P&L +43.9%
[2026-03-25 09:42:07] Day4.74 | 🐦193 | 预测305±42 | HOLD [LOW] | P&L +43.9%
[2026-03-25 09:46:06] Day4.74 | 🐦193 | 预测305±42 | HOLD [LOW] | P&L +47.7%
[2026-03-25 09:47:08] Day4.74 | 🐦193 | 预测305±42 | HOLD [LOW] | P&L +45.8%
[2026-03-25 09:51:07] Day4.74 | 🐦193 | 预测305±42 | HOLD [LOW] | P&L +43.9%
[2026-03-25 09:52:09] Day4.74 | 🐦193 | 预测305±42 | HOLD [LOW] | P&L +43.9%
[2026-03-25 09:56:07] Day4.75 | 🐦193 | 预测305±42 | HOLD [LOW] | P&L +43.9%
[2026-03-25 09:57:09] Day4.75 | 🐦193 | 预测305±42 | HOLD [LOW] | P&L +43.9%
[2026-03-25 10:01:08] Day4.75 | 🐦193 | 预测305±42 | HOLD [LOW] | P&L +43.9%
[2026-03-25 10:02:11] Day4.75 | 🐦193 | 预测304±42 | HOLD [LOW] | P&L +43.9%
[2026-03-25 10:06:09] Day4.75 | 🐦193 | 预测304±42 | HOLD [LOW] | P&L +43.9%
[2026-03-25 10:07:12] Day4.75 | 🐦193 | 预测304±42 | HOLD [LOW] | P&L +43.9%
[2026-03-25 10:11:10] Day4.76 | 🐦193 | 预测304±42 | HOLD [LOW] | P&L +47.7%
[2026-03-25 10:12:13] Day4.76 | 🐦193 | 预测304±42 | HOLD [LOW] | P&L +47.7%
[2026-03-25 10:16:12] Day4.76 | 🐦193 | 预测304±42 | HOLD [LOW] | P&L +47.7%
[2026-03-25 10:17:13] Day4.76 | 🐦193 | 预测304±42 | HOLD [LOW] | P&L +47.7%
[2026-03-25 10:21:12] Day4.76 | 🐦193 | 预测304±42 | HOLD [LOW] | P&L +47.7%
[2026-03-25 10:22:15] Day4.77 | 🐦193 | 预测304±42 | HOLD [LOW] | P&L +47.7%
[2026-03-25 10:26:13] Day4.77 | 🐦193 | 预测304±42 | HOLD [LOW] | P&L +49.7%
[2026-03-25 10:27:22] Day4.77 | 🐦193 | 预测304±42 | HOLD [LOW] | P&L +49.7%
[2026-03-25 10:31:14] Day4.77 | 🐦193 | 预测304±42 | HOLD [LOW] | P&L +49.7%
[2026-03-25 10:32:23] Day4.77 | 🐦193 | 预测303±42 | HOLD [LOW] | P&L +49.7%
[2026-03-25 10:36:14] Day4.78 | 🐦193 | 预测303±42 | HOLD [LOW] | P&L +49.7%
[2026-03-25 10:37:24] Day4.78 | 🐦193 | 预测303±42 | HOLD [LOW] | P&L +49.7%
[2026-03-25 10:41:15] Day4.78 | 🐦193 | 预测303±42 | HOLD [LOW] | P&L +51.6%
[2026-03-25 10:42:25] Day4.78 | 🐦193 | 预测303±42 | HOLD [LOW] | P&L +51.6%
[2026-03-25 10:46:16] Day4.78 | 🐦193 | 预测303±42 | HOLD [LOW] | P&L +51.6%
[2026-03-25 10:47:26] Day4.78 | 🐦193 | 预测303±42 | HOLD [LOW] | P&L +51.6%
[2026-03-25 10:51:17] Day4.79 | 🐦193 | 预测303±42 | HOLD [LOW] | P&L +51.6%
[2026-03-25 10:52:27] Day4.79 | 🐦193 | 预测303±42 | HOLD [LOW] | P&L +51.6%
[2026-03-25 10:56:18] Day4.79 | 🐦193 | 预测303±42 | HOLD [LOW] | P&L +51.6%
[2026-03-25 10:57:28] Day4.79 | 🐦193 | 预测303±42 | HOLD [LOW] | P&L +51.6%
[2026-03-25 11:01:18] Day4.79 | 🐦193 | 预测302±42 | HOLD [LOW] | P&L +51.6%
[2026-03-25 11:02:29] Day4.79 | 🐦193 | 预测302±42 | HOLD [LOW] | P&L +47.7%
[2026-03-25 11:06:19] Day4.8 | 🐦193 | 预测302±42 | HOLD [LOW] | P&L +47.7%
[2026-03-25 11:07:30] Day4.8 | 🐦193 | 预测302±42 | HOLD [LOW] | P&L +47.7%
[2026-03-25 11:11:20] Day4.8 | 🐦193 | 预测302±42 | HOLD [LOW] | P&L +46.8%
[2026-03-25 11:12:31] Day4.8 | 🐦193 | 预测302±42 | HOLD [LOW] | P&L +46.8%
[2026-03-25 11:16:21] Day4.8 | 🐦193 | 预测302±42 | HOLD [LOW] | P&L +46.8%
[2026-03-25 11:17:32] Day4.8 | 🐦193 | 预测302±42 | HOLD [LOW] | P&L +46.8%
[2026-03-25 11:21:21] Day4.81 | 🐦193 | 预测302±42 | HOLD [LOW] | P&L +46.8%
[2026-03-25 11:22:33] Day4.81 | 🐦193 | 预测302±42 | HOLD [LOW] | P&L +46.8%
[2026-03-25 11:26:22] Day4.81 | 🐦193 | 预测302±42 | HOLD [LOW] | P&L +49.8%
[2026-03-25 11:27:34] Day4.81 | 🐦193 | 预测302±42 | HOLD [LOW] | P&L +49.8%
[2026-03-25 11:31:23] Day4.81 | 🐦193 | 预测301±41 | HOLD [LOW] | P&L +49.8%
[2026-03-25 11:32:35] Day4.81 | 🐦193 | 预测301±41 | HOLD [LOW] | P&L +49.8%
[2026-03-25 11:36:24] Day4.82 | 🐦193 | 预测301±41 | HOLD [LOW] | P&L +49.8%
[2026-03-25 11:37:36] Day4.82 | 🐦193 | 预测301±41 | HOLD [LOW] | P&L +49.8%
[2026-03-25 11:41:26] Day4.82 | 🐦193 | 预测301±41 | HOLD [LOW] | P&L +49.8%
[2026-03-25 11:42:37] Day4.82 | 🐦193 | 预测301±41 | HOLD [LOW] | P&L +49.3%
[2026-03-25 11:46:26] Day4.82 | 🐦193 | 预测301±41 | HOLD [LOW] | P&L +49.3%
[2026-03-25 11:47:38] Day4.82 | 🐦193 | 预测301±41 | HOLD [LOW] | P&L +45.9%
[2026-03-25 11:51:27] Day4.83 | 🐦193 | 预测301±41 | HOLD [LOW] | P&L +45.9%
[2026-03-25 11:52:39] Day4.83 | 🐦193 | 预测301±41 | HOLD [LOW] | P&L +45.9%
[2026-03-25 11:56:29] Day4.83 | 🐦193 | 预测301±41 | HOLD [LOW] | P&L +45.9%
[2026-03-25 11:57:40] Day4.83 | 🐦193 | 预测301±41 | HOLD [LOW] | P&L +47.8%
[2026-03-25 12:01:30] Day4.83 | 🐦193 | 预测300±41 | HOLD [LOW] | P&L +47.8%
[2026-03-25 12:02:42] Day4.84 | 🐦193 | 预测300±41 | HOLD [LOW] | P&L +45.9%
[2026-03-25 12:06:31] Day4.84 | 🐦193 | 预测300±41 | HOLD [LOW] | P&L +44.4%
[2026-03-25 12:07:42] Day4.84 | 🐦193 | 预测300±41 | HOLD [LOW] | P&L +44.4%
[2026-03-25 12:11:32] Day4.84 | 🐦193 | 预测300±41 | HOLD [LOW] | P&L +45.9%
[2026-03-25 12:12:44] Day4.84 | 🐦193 | 预测300±41 | HOLD [LOW] | P&L +45.9%
[2026-03-25 12:16:34] Day4.84 | 🐦193 | 预测300±41 | HOLD [LOW] | P&L +45.9%
[2026-03-25 12:17:44] Day4.85 | 🐦193 | 预测300±41 | HOLD [LOW] | P&L +45.9%
[2026-03-25 12:21:29] Daemon shutting down
[2026-03-25 12:22:45] Day4.85 | 🐦193 | 预测300±41 | HOLD [LOW] | P&L +31.4%
[2026-03-25 12:27:46] Day4.85 | 🐦193 | 预测300±41 | HOLD [LOW] | P&L +43.0%
[2026-03-25 12:32:47] Day4.86 | 🐦193 | 预测299±41 | HOLD [LOW] | P&L +44.4%
[2026-03-25 12:37:47] Day4.86 | 🐦193 | 预测299±41 | HOLD [LOW] | P&L +41.0%
[2026-03-25 12:42:48] Day4.86 | 🐦193 | 预测299±41 | HOLD [LOW] | P&L +43.0%
[2026-03-25 12:47:49] Day4.87 | 🐦193 | 预测299±41 | HOLD [LOW] | P&L +41.5%
[2026-03-25 12:52:49] Day4.87 | 🐦193 | 预测299±41 | HOLD [LOW] | P&L +40.6%
[2026-03-25 12:57:50] Day4.87 | 🐦193 | 预测299±41 | HOLD [LOW] | P&L +41.5%
[2026-03-25 13:02:51] Day4.88 | 🐦193 | 预测298±41 | HOLD [LOW] | P&L +41.5%
[2026-03-25 13:07:51] Day4.88 | 🐦195 | 预测300±41 | HOLD [LOW] | P&L +45.9%
[2026-03-25 13:12:52] Day4.88 | 🐦196 | 预测301±41 | HOLD [LOW] | P&L +43.0%
[2026-03-25 13:17:53] Day4.89 | 🐦198 | 预测303±41 | HOLD [LOW] | P&L +45.9%
[2026-03-25 13:22:54] Day4.89 | 🐦199 | 预测304±41 | HOLD [LOW] | P&L +42.5%
[2026-03-25 13:27:54] Day4.89 | 🐦200 | 预测304±41 | HOLD [LOW] | P&L +44.0%
[2026-03-25 13:32:55] Day4.9 | 🐦200 | 预测304±41 | HOLD [LOW] | P&L +51.7%
[2026-03-25 13:37:56] Day4.9 | 🐦200 | 预测304±41 | HOLD [LOW] | P&L +50.2%
[2026-03-25 13:42:56] Day4.9 | 🐦200 | 预测304±41 | HOLD [LOW] | P&L +48.3%
[2026-03-25 13:47:57] Day4.91 | 🐦200 | 预测304±41 | HOLD [LOW] | P&L +48.3%
[2026-03-25 13:52:58] Day4.91 | 🐦200 | 预测304±41 | HOLD [LOW] | P&L +48.7%
[2026-03-25 13:57:58] Day4.92 | 🐦202 | 预测305±41 | HOLD [LOW] | P&L +50.7%
[2026-03-25 14:02:59] Day4.92 | 🐦202 | 预测305±41 | HOLD [LOW] | P&L +54.5%
[2026-03-25 14:08:00] Day4.92 | 🐦202 | 预测305±41 | HOLD [LOW] | P&L +54.5%
[2026-03-25 14:13:00] Day4.93 | 🐦202 | 预测305±41 | HOLD [LOW] | P&L +56.0%
[2026-03-25 14:17:34] Daemon shutting down
[2026-03-25 14:17:35] Daemon started (pid=3026275, interval=300s)
[2026-03-25 14:17:36] ERROR: 'action'
[2026-03-25 14:18:46] Daemon shutting down
[2026-03-25 14:18:46] Daemon started (pid=3027153, interval=300s)
[2026-03-25 14:18:48] Day4.93 | 🐦202 | 预测305±41 | HOLD [LOW] | 持仓0 | USDC $7.198666
[2026-03-25 14:23:49] Day4.93 | 🐦202 | 预测305±41 | HOLD [LOW] | 持仓0 | USDC $7.198666
[2026-03-25 14:28:51] Day4.94 | 🐦202 | 预测304±41 | HOLD [LOW] | 持仓0 | USDC $7.198666
[2026-03-25 14:33:54] Day4.94 | 🐦202 | 预测304±40 | HOLD [LOW] | 持仓0 | USDC $7.198666
[2026-03-25 14:38:55] Day4.94 | 🐦202 | 预测304±40 | HOLD [LOW] | 持仓0 | USDC $7.198666
[2026-03-25 14:43:56] Day4.95 | 🐦202 | 预测304±40 | HOLD [LOW] | 持仓0 | USDC $7.198666
[2026-03-25 14:48:58] Day4.95 | 🐦202 | 预测304±40 | HOLD [LOW] | 持仓0 | USDC $7.198666
[2026-03-25 14:53:59] Day4.95 | 🐦202 | 预测304±40 | HOLD [LOW] | 持仓0 | USDC $7.198666
[2026-03-25 14:59:00] Day4.96 | 🐦202 | 预测303±40 | HOLD [LOW] | 持仓0 | USDC $7.198666
[2026-03-25 15:04:01] Day4.96 | 🐦202 | 预测303±40 | HOLD [LOW] | 持仓0 | USDC $7.198666
[2026-03-25 15:09:04] Day4.96 | 🐦202 | 预测303±40 | HOLD [LOW] | 持仓0 | USDC $7.198666
[2026-03-25 15:14:07] Day4.97 | 🐦202 | 预测303±40 | HOLD [LOW] | 持仓0 | USDC $7.198666
[2026-03-25 15:19:08] Day4.97 | 🐦202 | 预测303±40 | HOLD [LOW] | 持仓0 | USDC $7.198666
[2026-03-25 15:24:10] Day4.98 | 🐦202 | 预测303±40 | HOLD [LOW] | 持仓0 | USDC $7.198666
[2026-03-25 15:29:12] Day4.98 | 🐦202 | 预测302±40 | HOLD [LOW] | 持仓0 | USDC $7.198666
[2026-03-25 15:34:14] Day4.98 | 🐦202 | 预测302±40 | HOLD [LOW] | 持仓0 | USDC $7.198666
[2026-03-25 15:39:15] Day4.99 | 🐦202 | 预测302±40 | HOLD [LOW] | 持仓0 | USDC $7.198666
[2026-03-25 15:44:16] Day4.99 | 🐦202 | 预测302±40 | HOLD [LOW] | 持仓0 | USDC $7.198666
[2026-03-25 15:49:18] Day4.99 | 🐦202 | 预测302±40 | HOLD [LOW] | 持仓0 | USDC $7.198666
[2026-03-25 15:54:19] Day5.0 | 🐦202 | 预测301±40 | HOLD [LOW] | 持仓0 | USDC $7.198666
[2026-03-25 15:59:20] Day5.0 | 🐦202 | 预测301±40 | HOLD [LOW] | 持仓0 | USDC $7.198666
[2026-03-25 16:04:21] Day5.0 | 🐦202 | 预测301±40 | HOLD [LOW] | 持仓0 | USDC $7.198666
[2026-03-25 16:09:23] Day5.01 | 🐦202 | 预测301±40 | HOLD [LOW] | 持仓0 | USDC $7.198666
[2026-03-25 16:14:25] Day5.01 | 🐦202 | 预测301±40 | HOLD [LOW] | 持仓0 | USDC $7.198666
[2026-03-25 16:19:26] Day5.01 | 🐦202 | 预测301±40 | HOLD [LOW] | 持仓0 | USDC $7.198666
[2026-03-25 16:24:27] Day5.02 | 🐦202 | 预测300±40 | HOLD [LOW] | 持仓0 | USDC $7.198666
[2026-03-25 16:29:28] Day5.02 | 🐦202 | 预测300±40 | HOLD [LOW] | 持仓0 | USDC $7.198666
[2026-03-25 16:34:30] Day5.02 | 🐦202 | 预测300±40 | HOLD [LOW] | 持仓0 | USDC $7.198666
[2026-03-25 16:39:31] Day5.03 | 🐦202 | 预测300±40 | HOLD [LOW] | 持仓0 | USDC $7.198666
[2026-03-25 16:44:32] Day5.03 | 🐦202 | 预测300±40 | HOLD [LOW] | 持仓0 | USDC $7.198666
[2026-03-25 16:49:33] Day5.03 | 🐦202 | 预测300±40 | HOLD [LOW] | 持仓0 | USDC $7.198666
[2026-03-25 16:54:37] Day5.04 | 🐦202 | 预测299±40 | HOLD [LOW] | 持仓0 | USDC $7.198666
[2026-03-25 16:59:38] Day5.04 | 🐦202 | 预测299±40 | HOLD [LOW] | 持仓0 | USDC $7.198666
[2026-03-25 17:04:39] Day5.04 | 🐦202 | 预测299±40 | HOLD [LOW] | 持仓0 | USDC $7.198666
[2026-03-25 17:09:40] Day5.05 | 🐦202 | 预测299±40 | HOLD [LOW] | 持仓0 | USDC $7.198666
[2026-03-25 17:14:41] Day5.05 | 🐦202 | 预测299±40 | HOLD [LOW] | 持仓0 | USDC $7.198666
[2026-03-25 17:19:43] Day5.06 | 🐦202 | 预测299±40 | HOLD [LOW] | 持仓0 | USDC $7.198666
[2026-03-25 17:24:44] Day5.06 | 🐦202 | 预测298±40 | HOLD [LOW] | 持仓0 | USDC $7.198666
[2026-03-25 17:29:45] Day5.06 | 🐦202 | 预测298±40 | HOLD [LOW] | 持仓0 | USDC $7.198666
[2026-03-25 17:34:46] Day5.07 | 🐦202 | 预测298±39 | HOLD [LOW] | 持仓0 | USDC $7.198666
[2026-03-25 17:39:47] Day5.07 | 🐦202 | 预测298±39 | HOLD [LOW] | 持仓0 | USDC $7.198666
[2026-03-25 17:44:49] Day5.07 | 🐦202 | 预测298±39 | HOLD [LOW] | 持仓0 | USDC $7.198666
[2026-03-25 17:49:50] Day5.08 | 🐦202 | 预测298±39 | HOLD [LOW] | 持仓0 | USDC $7.198666
[2026-03-25 17:54:51] Day5.08 | 🐦202 | 预测297±39 | HOLD [LOW] | 持仓0 | USDC $7.198666
[2026-03-25 17:59:52] Day5.08 | 🐦202 | 预测297±39 | HOLD [LOW] | 持仓0 | USDC $7.198666
[2026-03-25 18:05:17] Day5.09 | 🐦202 | 预测297±39 | ENTRY [MEDIUM] | 持仓1 | USDC $3.196666 | EXEC: ✅ BUY 320-339 66.7股@0.06
[2026-03-25 18:10:18] Day5.09 | 🐦202 | 预测297±39 | HOLD [LOW] | 持仓1 | USDC $3.196666
[2026-03-25 18:15:19] Day5.09 | 🐦202 | 预测297±39 | HOLD [LOW] | 持仓1 | USDC $3.196666
[2026-03-25 18:20:21] Day5.1 | 🐦202 | 预测296±39 | HOLD [LOW] | 持仓1 | USDC $3.196666
[2026-03-25 18:25:22] Day5.1 | 🐦202 | 预测296±39 | HOLD [LOW] | 持仓1 | USDC $3.196666
[2026-03-25 18:30:23] Day5.1 | 🐦202 | 预测296±39 | HOLD [LOW] | 持仓1 | USDC $3.196666
[2026-03-25 18:35:24] Day5.11 | 🐦202 | 预测296±39 | HOLD [LOW] | 持仓1 | USDC $3.196666
[2026-03-25 18:40:26] Day5.11 | 🐦202 | 预测296±39 | HOLD [LOW] | 持仓1 | USDC $3.196666
[2026-03-25 18:45:27] Day5.11 | 🐦202 | 预测296±39 | HOLD [LOW] | 持仓1 | USDC $3.196666
[2026-03-25 18:50:28] Day5.12 | 🐦202 | 预测295±39 | HOLD [LOW] | 持仓1 | USDC $3.196666
[2026-03-25 18:55:29] Day5.12 | 🐦202 | 预测295±39 | HOLD [LOW] | 持仓1 | USDC $3.196666
[2026-03-25 19:00:33] Day5.13 | 🐦202 | 预测295±39 | HOLD [LOW] | 持仓1 | USDC $3.196666
[2026-03-25 19:05:34] Day5.13 | 🐦202 | 预测295±39 | HOLD [LOW] | 持仓1 | USDC $3.196666
[2026-03-25 19:10:35] Day5.13 | 🐦202 | 预测295±39 | HOLD [LOW] | 持仓1 | USDC $3.196666
[2026-03-25 19:15:37] Day5.14 | 🐦203 | 预测296±39 | HOLD [LOW] | 持仓1 | USDC $3.196666
[2026-03-25 19:20:38] Day5.14 | 🐦204 | 预测296±39 | HOLD [LOW] | 持仓1 | USDC $3.196666
[2026-03-25 19:25:40] Day5.14 | 🐦205 | 预测297±39 | HOLD [LOW] | 持仓1 | USDC $3.196666
[2026-03-25 19:30:41] Day5.15 | 🐦207 | 预测299±39 | HOLD [LOW] | 持仓1 | USDC $3.196666
[2026-03-25 19:35:42] Day5.15 | 🐦209 | 预测301±39 | HOLD [LOW] | 持仓1 | USDC $3.196666
[2026-03-25 19:40:46] Day5.15 | 🐦209 | 预测301±39 | HOLD [LOW] | 持仓1 | USDC $3.196666
[2026-03-25 19:45:47] Day5.16 | 🐦209 | 预测301±39 | HOLD [LOW] | 持仓1 | USDC $3.196666
[2026-03-25 19:50:48] Day5.16 | 🐦209 | 预测300±39 | HOLD [LOW] | 持仓1 | USDC $3.196666
[2026-03-25 19:55:49] Day5.16 | 🐦209 | 预测300±39 | HOLD [LOW] | 持仓1 | USDC $3.196666
[2026-03-25 20:00:51] Day5.17 | 🐦209 | 预测300±39 | HOLD [LOW] | 持仓1 | USDC $3.196666
[2026-03-25 20:05:52] Day5.17 | 🐦209 | 预测300±39 | HOLD [LOW] | 持仓1 | USDC $3.196666
[2026-03-25 20:10:54] Day5.17 | 🐦209 | 预测300±39 | HOLD [LOW] | 持仓1 | USDC $3.196666
[2026-03-25 20:15:55] Day5.18 | 🐦209 | 预测300±39 | HOLD [LOW] | 持仓1 | USDC $3.196666
[2026-03-25 20:20:59] Day5.18 | 🐦209 | 预测299±39 | HOLD [LOW] | 持仓1 | USDC $3.196666
[2026-03-25 20:26:00] Day5.18 | 🐦209 | 预测299±39 | HOLD [LOW] | 持仓1 | USDC $3.196666
[2026-03-25 20:31:03] Day5.19 | 🐦209 | 预测299±38 | HOLD [LOW] | 持仓1 | USDC $3.196666
[2026-03-25 20:36:05] Day5.19 | 🐦209 | 预测299±38 | HOLD [LOW] | 持仓1 | USDC $3.196666
[2026-03-25 20:41:08] Day5.2 | 🐦209 | 预测299±38 | HOLD [LOW] | 持仓1 | USDC $3.196666
[2026-03-25 20:46:09] Day5.2 | 🐦209 | 预测299±38 | HOLD [LOW] | 持仓1 | USDC $3.196666
[2026-03-25 20:51:10] Day5.2 | 🐦209 | 预测298±38 | HOLD [LOW] | 持仓1 | USDC $3.196666
[2026-03-25 20:56:15] Day5.21 | 🐦209 | 预测298±38 | HOLD [LOW] | 持仓1 | USDC $3.196666
[2026-03-25 21:01:17] Day5.21 | 🐦209 | 预测298±38 | HOLD [LOW] | 持仓1 | USDC $3.196666
[2026-03-25 21:06:18] Day5.21 | 🐦209 | 预测298±38 | HOLD [LOW] | 持仓1 | USDC $3.196666
[2026-03-25 21:11:19] Day5.22 | 🐦209 | 预测298±38 | HOLD [LOW] | 持仓1 | USDC $3.196666
[2026-03-25 21:16:20] Day5.22 | 🐦209 | 预测297±38 | HOLD [LOW] | 持仓1 | USDC $3.196666
[2026-03-25 21:21:22] Day5.22 | 🐦209 | 预测297±38 | HOLD [LOW] | 持仓1 | USDC $3.196666
[2026-03-25 21:26:23] Day5.23 | 🐦209 | 预测297±38 | HOLD [LOW] | 持仓1 | USDC $3.196666
[2026-03-25 21:31:24] Day5.23 | 🐦209 | 预测297±38 | HOLD [LOW] | 持仓1 | USDC $3.196666
[2026-03-25 21:36:26] Day5.23 | 🐦209 | 预测297±38 | HOLD [LOW] | 持仓1 | USDC $3.196666
[2026-03-25 21:41:27] Day5.24 | 🐦209 | 预测297±38 | HOLD [LOW] | 持仓1 | USDC $3.196666
[2026-03-25 21:46:28] Day5.24 | 🐦209 | 预测296±38 | HOLD [LOW] | 持仓1 | USDC $3.196666
[2026-03-25 21:51:30] Day5.24 | 🐦209 | 预测296±38 | HOLD [LOW] | 持仓1 | USDC $3.196666
[2026-03-25 21:56:31] Day5.25 | 🐦209 | 预测296±38 | HOLD [LOW] | 持仓1 | USDC $3.196666
[2026-03-25 22:01:32] Day5.25 | 🐦210 | 预测297±38 | HOLD [LOW] | 持仓1 | USDC $3.196666
[2026-03-25 22:06:33] Day5.25 | 🐦210 | 预测297±38 | HOLD [LOW] | 持仓1 | USDC $3.196666
[2026-03-25 22:11:35] Day5.26 | 🐦211 | 预测298±38 | HOLD [LOW] | 持仓1 | USDC $3.196666
[2026-03-25 22:16:36] Day5.26 | 🐦211 | 预测297±38 | HOLD [LOW] | 持仓1 | USDC $3.196666
[2026-03-25 22:21:37] Day5.27 | 🐦211 | 预测297±38 | HOLD [LOW] | 持仓1 | USDC $3.196666
[2026-03-25 22:26:39] Day5.27 | 🐦211 | 预测297±38 | HOLD [LOW] | 持仓1 | USDC $3.196666
[2026-03-25 22:31:42] Day5.27 | 🐦211 | 预测297±38 | HOLD [LOW] | 持仓1 | USDC $3.196666
[2026-03-25 22:36:43] Day5.28 | 🐦211 | 预测297±38 | HOLD [LOW] | 持仓1 | USDC $3.196666
[2026-03-25 22:41:46] Day5.28 | 🐦211 | 预测297±38 | HOLD [LOW] | 持仓1 | USDC $3.196666
[2026-03-25 22:46:49] Day5.28 | 🐦212 | 预测297±38 | HOLD [LOW] | 持仓1 | USDC $3.196666
[2026-03-25 22:51:53] Day5.29 | 🐦213 | 预测298±38 | HOLD [LOW] | 持仓1 | USDC $3.196666
[2026-03-25 22:56:56] Day5.29 | 🐦213 | 预测298±38 | HOLD [LOW] | 持仓1 | USDC $3.196666
[2026-03-25 23:01:57] Day5.29 | 🐦213 | 预测298±38 | HOLD [LOW] | 持仓1 | USDC $3.196666
[2026-03-25 23:06:58] Day5.3 | 🐦213 | 预测298±38 | HOLD [LOW] | 持仓1 | USDC $3.196666
[2026-03-25 23:11:59] Day5.3 | 🐦213 | 预测298±38 | HOLD [LOW] | 持仓1 | USDC $3.196666
[2026-03-25 23:17:01] Day5.3 | 🐦213 | 预测297±38 | HOLD [LOW] | 持仓1 | USDC $3.196666
[2026-03-25 23:22:03] Day5.31 | 🐦213 | 预测297±38 | HOLD [LOW] | 持仓1 | USDC $3.196666
[2026-03-25 23:27:04] Day5.31 | 🐦213 | 预测297±38 | HOLD [LOW] | 持仓1 | USDC $3.196666
[2026-03-25 23:32:06] Day5.31 | 🐦213 | 预测297±37 | HOLD [LOW] | 持仓1 | USDC $3.196666
[2026-03-25 23:37:07] Day5.32 | 🐦213 | 预测297±37 | HOLD [LOW] | 持仓1 | USDC $3.196666
[2026-03-25 23:42:13] Day5.32 | 🐦213 | 预测297±37 | HOLD [LOW] | 持仓1 | USDC $3.196666
[2026-03-25 23:47:14] Day5.32 | 🐦213 | 预测296±37 | HOLD [LOW] | 持仓1 | USDC $3.196666
[2026-03-25 23:52:15] Day5.33 | 🐦213 | 预测296±37 | HOLD [LOW] | 持仓1 | USDC $3.196666
[2026-03-25 23:57:19] Day5.33 | 🐦214 | 预测297±37 | HOLD [LOW] | 持仓1 | USDC $3.196666
[2026-03-26 00:02:20] Day5.33 | 🐦214 | 预测286±37 | HOLD [LOW] | 持仓1 | USDC $3.196666
[2026-03-26 00:07:21] Day5.34 | 🐦214 | 预测286±37 | HOLD [LOW] | 持仓1 | USDC $4.496666
[2026-03-26 00:12:24] Day5.34 | 🐦214 | 预测285±37 | HOLD [LOW] | 持仓1 | USDC $4.496666
[2026-03-26 00:17:25] Day5.35 | 🐦214 | 预测285±37 | HOLD [LOW] | 持仓1 | USDC $4.496666
[2026-03-26 00:22:27] Day5.35 | 🐦214 | 预测285±37 | HOLD [LOW] | 持仓1 | USDC $4.496666
[2026-03-26 00:27:28] Day5.35 | 🐦214 | 预测285±37 | HOLD [LOW] | 持仓1 | USDC $4.496666
[2026-03-26 00:32:30] Day5.36 | 🐦214 | 预测285±37 | HOLD [LOW] | 持仓1 | USDC $4.496666
[2026-03-26 00:37:33] Day5.36 | 🐦214 | 预测285±37 | HOLD [LOW] | 持仓1 | USDC $4.496666
[2026-03-26 00:42:35] Day5.36 | 🐦214 | 预测284±37 | HOLD [LOW] | 持仓1 | USDC $4.496666
[2026-03-26 00:47:40] Day5.37 | 🐦214 | 预测284±37 | HOLD [LOW] | 持仓1 | USDC $4.496666
[2026-03-26 00:52:41] Day5.37 | 🐦214 | 预测284±37 | HOLD [LOW] | 持仓1 | USDC $4.496666
[2026-03-26 00:57:43] Day5.37 | 🐦214 | 预测284±37 | HOLD [LOW] | 持仓1 | USDC $4.496666
[2026-03-26 01:02:44] Day5.38 | 🐦214 | 预测284±37 | HOLD [LOW] | 持仓1 | USDC $4.496666
[2026-03-26 01:07:45] Day5.38 | 🐦214 | 预测284±37 | HOLD [LOW] | 持仓1 | USDC $4.496666
[2026-03-26 01:12:46] Day5.38 | 🐦216 | 预测285±37 | HOLD [LOW] | 持仓1 | USDC $4.496666
[2026-03-26 01:17:48] Day5.39 | 🐦216 | 预测285±37 | HOLD [LOW] | 持仓1 | USDC $4.496666
[2026-03-26 01:22:49] Day5.39 | 🐦216 | 预测285±37 | HOLD [LOW] | 持仓1 | USDC $4.496666
[2026-03-26 01:27:52] Day5.39 | 🐦216 | 预测285±37 | HOLD [LOW] | 持仓1 | USDC $4.496666
[2026-03-26 01:32:56] Day5.4 | 🐦216 | 预测285±37 | HOLD [LOW] | 持仓1 | USDC $4.496666
[2026-03-26 01:38:03] Day5.4 | 🐦216 | 预测285±37 | HOLD [LOW] | 持仓1 | USDC $4.496666
[2026-03-26 01:43:05] Day5.4 | 🐦216 | 预测284±37 | HOLD [LOW] | 持仓1 | USDC $4.496666
[2026-03-26 01:48:09] Day5.41 | 🐦216 | 预测284±37 | HOLD [LOW] | 持仓1 | USDC $4.496666
[2026-03-26 01:53:10] Day5.41 | 🐦216 | 预测284±37 | HOLD [LOW] | 持仓1 | USDC $4.496666
[2026-03-26 01:58:12] Day5.42 | 🐦216 | 预测284±37 | HOLD [LOW] | 持仓1 | USDC $4.496666
[2026-03-26 02:03:14] Day5.42 | 🐦216 | 预测284±37 | HOLD [LOW] | 持仓1 | USDC $4.496666
[2026-03-26 02:08:15] Day5.42 | 🐦216 | 预测284±37 | HOLD [LOW] | 持仓1 | USDC $4.496666
[2026-03-26 02:13:16] Day5.43 | 🐦216 | 预测283±37 | HOLD [LOW] | 持仓1 | USDC $4.496666
[2026-03-26 02:18:18] Day5.43 | 🐦216 | 预测283±37 | HOLD [LOW] | 持仓1 | USDC $4.496666
[2026-03-26 02:23:25] Day5.43 | 🐦216 | 预测283±37 | HOLD [LOW] | 持仓1 | USDC $4.496666
[2026-03-26 02:28:26] Day5.44 | 🐦216 | 预测283±37 | HOLD [LOW] | 持仓1 | USDC $4.496666
[2026-03-26 02:33:28] Day5.44 | 🐦216 | 预测283±36 | HOLD [LOW] | 持仓1 | USDC $4.496666
[2026-03-26 02:38:30] Day5.44 | 🐦216 | 预测282±36 | HOLD [LOW] | 持仓1 | USDC $4.496666
[2026-03-26 02:43:34] Day5.45 | 🐦216 | 预测282±36 | HOLD [LOW] | 持仓1 | USDC $4.496666
[2026-03-26 02:48:35] Day5.45 | 🐦216 | 预测282±36 | HOLD [LOW] | 持仓1 | USDC $4.496666
[2026-03-26 02:53:36] Day5.45 | 🐦216 | 预测282±36 | HOLD [LOW] | 持仓1 | USDC $4.496666
[2026-03-26 02:58:38] Day5.46 | 🐦216 | 预测282±36 | HOLD [LOW] | 持仓1 | USDC $4.496666
[2026-03-26 03:03:39] Day5.46 | 🐦216 | 预测282±36 | HOLD [LOW] | 持仓1 | USDC $4.496666
[2026-03-26 03:08:40] Day5.46 | 🐦216 | 预测281±36 | HOLD [LOW] | 持仓1 | USDC $4.496666
[2026-03-26 03:13:42] Day5.47 | 🐦216 | 预测281±36 | HOLD [LOW] | 持仓1 | USDC $4.496666
[2026-03-26 03:18:43] Day5.47 | 🐦216 | 预测281±36 | HOLD [LOW] | 持仓1 | USDC $4.496666
[2026-03-26 03:23:44] Day5.47 | 🐦216 | 预测281±36 | HOLD [LOW] | 持仓1 | USDC $4.496666
[2026-03-26 03:28:46] Day5.48 | 🐦216 | 预测281±36 | HOLD [LOW] | 持仓1 | USDC $4.496666
[2026-03-26 03:33:47] Day5.48 | 🐦216 | 预测281±36 | HOLD [LOW] | 持仓1 | USDC $4.496666
[2026-03-26 03:38:52] Day5.49 | 🐦216 | 预测280±36 | HOLD [LOW] | 持仓1 | USDC $4.496666
[2026-03-26 03:43:56] Day5.49 | 🐦216 | 预测280±36 | HOLD [LOW] | 持仓1 | USDC $4.496666
[2026-03-26 03:49:03] Day5.49 | 🐦216 | 预测280±36 | HOLD [LOW] | 持仓1 | USDC $4.496666
[2026-03-26 03:54:04] Day5.5 | 🐦216 | 预测280±36 | HOLD [LOW] | 持仓1 | USDC $4.496666
[2026-03-26 03:59:06] Day5.5 | 🐦216 | 预测280±36 | HOLD [LOW] | 持仓1 | USDC $4.496666
[2026-03-26 04:04:07] Day5.5 | 🐦216 | 预测280±36 | HOLD [LOW] | 持仓1 | USDC $4.496666
[2026-03-26 04:09:09] Day5.51 | 🐦216 | 预测279±36 | HOLD [LOW] | 持仓1 | USDC $4.496666
[2026-03-26 04:14:10] Day5.51 | 🐦216 | 预测279±36 | HOLD [LOW] | 持仓1 | USDC $4.496666
[2026-03-26 04:19:14] Day5.51 | 🐦216 | 预测279±36 | HOLD [LOW] | 持仓1 | USDC $4.496666
[2026-03-26 04:24:15] Day5.52 | 🐦216 | 预测279±36 | HOLD [LOW] | 持仓1 | USDC $4.496666
[2026-03-26 04:29:17] Day5.52 | 🐦216 | 预测279±36 | HOLD [LOW] | 持仓1 | USDC $2.570666
[2026-03-26 04:34:18] Day5.52 | 🐦216 | 预测279±36 | HOLD [LOW] | 持仓1 | USDC $2.570666
[2026-03-26 04:39:20] Day5.53 | 🐦216 | 预测278±36 | HOLD [LOW] | 持仓1 | USDC $2.570666
[2026-03-26 04:44:21] Day5.53 | 🐦216 | 预测278±36 | HOLD [LOW] | 持仓1 | USDC $2.570666
[2026-03-26 04:49:22] Day5.53 | 🐦216 | 预测278±36 | HOLD [LOW] | 持仓1 | USDC $2.570666
[2026-03-26 04:54:23] Day5.54 | 🐦216 | 预测278±36 | HOLD [LOW] | 持仓1 | USDC $2.570666
[2026-03-26 04:59:25] Day5.54 | 🐦216 | 预测278±36 | HOLD [LOW] | 持仓1 | USDC $2.570666
[2026-03-26 05:04:50] Day5.54 | 🐦216 | 预测278±36 | ENTRY [MEDIUM] | 持仓2 | USDC $2.570666 | EXEC: ✅ BUY 220-239 107.0股@0.01
[2026-03-26 05:10:01] Day5.55 | 🐦216 | 预测277±36 | STOP_LOSS [HIGH] | 持仓2 | USDC $1.556566
[2026-03-26 05:15:18] Day5.55 | 🐦216 | 预测277±36 | STOP_LOSS [HIGH] | 持仓1 | USDC $2.580666 | EXEC: ✅ STOP_LOSS 220-239 107.0股@0.01
[2026-03-26 05:20:37] Day5.56 | 🐦216 | 预测277±36 | ENTRY [MEDIUM] | 持仓2 | USDC $1.590666 | EXEC: ✅ BUY 220-239 90.0股@0.012
[2026-03-26 05:25:59] Day5.56 | 🐦216 | 预测277±36 | STOP_LOSS [HIGH] | 持仓1 | USDC $2.020666 | EXEC: ✅ STOP_LOSS 220-239 90.0股@0.01
[2026-03-26 05:31:00] Day5.56 | 🐦216 | 预测277±35 | HOLD [LOW] | 持仓1 | USDC $2.490666
[2026-03-26 05:36:18] Day5.57 | 🐦216 | 预测276±35 | STOP_LOSS [CRITICAL] | 持仓0 | USDC $2.490666 | EXEC: ✅ STOP_LOSS 320-339 66.7股@0.036
[2026-03-26 05:41:39] Day5.57 | 🐦216 | 预测276±35 | ENTRY [MEDIUM] | 持仓1 | USDC $4.911876 | EXEC: ✅ BUY 220-239 284.2股@0.012
[2026-03-26 05:46:48] Day5.57 | 🐦216 | 预测276±35 | STOP_LOSS [HIGH] | 持仓1 | USDC $4.911876
[2026-03-26 05:52:09] Day5.58 | 🐦216 | 预测276±35 | STOP_LOSS [HIGH] | 持仓0 | USDC $1.501476 | EXEC: ✅ STOP_LOSS 220-239 284.2股@0.015
[2026-03-26 05:57:30] Day5.58 | 🐦216 | 预测276±35 | ENTRY [MEDIUM] | 持仓1 | USDC $5.764476 | EXEC: ✅ BUY 220-239 250.0股@0.016
[2026-03-26 06:02:43] Day5.59 | 🐦216 | 预测276±35 | STOP_LOSS [HIGH] | 持仓1 | USDC $5.764476
[2026-03-26 06:07:56] Day5.59 | 🐦216 | 预测275±35 | STOP_LOSS [HIGH] | 持仓1 | USDC $5.764476
[2026-03-26 06:13:17] Day5.59 | 🐦216 | 预测275±35 | STOP_LOSS [HIGH] | 持仓0 | USDC $1.764476 | EXEC: ✅ STOP_LOSS 220-239 250.0股@0.021
[2026-03-26 06:18:18] Day5.6 | 🐦218 | 预测277±35 | HOLD [LOW] | 持仓0 | USDC $1.764476
[2026-03-26 06:23:19] Day5.6 | 🐦219 | 预测278±35 | HOLD [LOW] | 持仓0 | USDC $1.764476
[2026-03-26 06:28:21] Day5.6 | 🐦220 | 预测279±35 | HOLD [LOW] | 持仓0 | USDC $1.764476
[2026-03-26 06:33:22] Day5.61 | 🐦220 | 预测278±35 | HOLD [LOW] | 持仓0 | USDC $1.764476
[2026-03-26 06:38:23] Day5.61 | 🐦220 | 预测278±35 | HOLD [LOW] | 持仓0 | USDC $1.764476
[2026-03-26 06:43:25] Day5.61 | 🐦220 | 预测278±35 | HOLD [LOW] | 持仓0 | USDC $1.764476
[2026-03-26 06:48:26] Day5.62 | 🐦220 | 预测278±35 | HOLD [LOW] | 持仓0 | USDC $1.764476
[2026-03-26 06:53:27] Day5.62 | 🐦220 | 预测278±35 | HOLD [LOW] | 持仓0 | USDC $1.764476
[2026-03-26 06:58:29] Day5.62 | 🐦220 | 预测278±35 | HOLD [LOW] | 持仓0 | USDC $1.764476
[2026-03-26 07:03:30] Day5.63 | 🐦220 | 预测277±35 | HOLD [LOW] | 持仓0 | USDC $1.764476
[2026-03-26 07:08:31] Day5.63 | 🐦220 | 预测277±35 | HOLD [LOW] | 持仓0 | USDC $1.764476
[2026-03-26 07:13:33] Day5.63 | 🐦220 | 预测277±35 | HOLD [LOW] | 持仓0 | USDC $1.764476
[2026-03-26 07:18:34] Day5.64 | 🐦220 | 预测277±35 | HOLD [LOW] | 持仓0 | USDC $1.764476
[2026-03-26 07:23:36] Day5.64 | 🐦220 | 预测277±35 | HOLD [LOW] | 持仓0 | USDC $1.764476
[2026-03-26 07:28:37] Day5.64 | 🐦220 | 预测277±35 | HOLD [LOW] | 持仓0 | USDC $1.764476
[2026-03-26 07:33:38] Day5.65 | 🐦222 | 预测278±35 | HOLD [LOW] | 持仓0 | USDC $1.764476
[2026-03-26 07:38:40] Day5.65 | 🐦222 | 预测278±35 | HOLD [LOW] | 持仓0 | USDC $1.764476
[2026-03-26 07:43:41] Day5.66 | 🐦222 | 预测278±35 | HOLD [LOW] | 持仓0 | USDC $1.764476
[2026-03-26 07:48:42] Day5.66 | 🐦224 | 预测280±35 | HOLD [LOW] | 持仓0 | USDC $1.764476
[2026-03-26 07:53:44] Day5.66 | 🐦224 | 预测280±35 | HOLD [LOW] | 持仓0 | USDC $1.764476
[2026-03-26 07:58:47] Day5.67 | 🐦225 | 预测281±35 | HOLD [LOW] | 持仓0 | USDC $1.764476
[2026-03-26 08:03:48] Day5.67 | 🐦225 | 预测280±35 | HOLD [LOW] | 持仓0 | USDC $1.764476
[2026-03-26 08:08:49] Day5.67 | 🐦225 | 预测280±35 | HOLD [LOW] | 持仓0 | USDC $1.764476
[2026-03-26 08:13:52] Day5.68 | 🐦225 | 预测280±35 | HOLD [LOW] | 持仓0 | USDC $1.764476
[2026-03-26 08:18:55] Day5.68 | 🐦225 | 预测280±35 | HOLD [LOW] | 持仓0 | USDC $1.764476
[2026-03-26 08:23:57] Day5.68 | 🐦225 | 预测280±35 | HOLD [LOW] | 持仓0 | USDC $1.764476
[2026-03-26 08:29:00] Day5.69 | 🐦227 | 预测282±35 | HOLD [LOW] | 持仓0 | USDC $1.764476
[2026-03-26 08:34:01] Day5.69 | 🐦228 | 预测282±34 | HOLD [LOW] | 持仓0 | USDC $1.764476
[2026-03-26 08:39:03] Day5.69 | 🐦228 | 预测282±34 | HOLD [LOW] | 持仓0 | USDC $1.764476
[2026-03-26 08:44:04] Day5.7 | 🐦229 | 预测283±34 | HOLD [LOW] | 持仓0 | USDC $1.764476
[2026-03-26 08:49:07] Day5.7 | 🐦229 | 预测283±34 | HOLD [LOW] | 持仓0 | USDC $1.764476
[2026-03-26 08:54:08] Day5.7 | 🐦229 | 预测283±34 | HOLD [LOW] | 持仓0 | USDC $1.764476
[2026-03-26 08:59:10] Day5.71 | 🐦229 | 预测283±34 | HOLD [LOW] | 持仓0 | USDC $1.764476
[2026-03-26 09:04:11] Day5.71 | 🐦229 | 预测282±34 | HOLD [LOW] | 持仓0 | USDC $1.764476
[2026-03-26 09:09:12] Day5.71 | 🐦229 | 预测282±34 | HOLD [LOW] | 持仓0 | USDC $1.764476
[2026-03-26 09:14:14] Day5.72 | 🐦229 | 预测282±34 | HOLD [LOW] | 持仓0 | USDC $1.764476
[2026-03-26 09:19:15] Day5.72 | 🐦229 | 预测282±34 | HOLD [LOW] | 持仓0 | USDC $1.764476
[2026-03-26 09:24:16] Day5.73 | 🐦229 | 预测282±34 | HOLD [LOW] | 持仓0 | USDC $1.764476
[2026-03-26 09:29:18] Day5.73 | 🐦229 | 预测281±34 | HOLD [LOW] | 持仓0 | USDC $1.764476
[2026-03-26 09:34:19] Day5.73 | 🐦229 | 预测281±34 | HOLD [LOW] | 持仓0 | USDC $1.764476
[2026-03-26 09:39:21] Day5.74 | 🐦229 | 预测281±34 | HOLD [LOW] | 持仓0 | USDC $1.764476
[2026-03-26 09:44:22] Day5.74 | 🐦229 | 预测281±34 | HOLD [LOW] | 持仓0 | USDC $1.764476
[2026-03-26 09:49:23] Day5.74 | 🐦229 | 预测281±34 | HOLD [LOW] | 持仓0 | USDC $1.764476
[2026-03-26 09:54:25] Day5.75 | 🐦229 | 预测281±34 | HOLD [LOW] | 持仓0 | USDC $1.764476
[2026-03-26 09:59:26] Day5.75 | 🐦229 | 预测280±34 | HOLD [LOW] | 持仓0 | USDC $1.764476
[2026-03-26 10:04:27] Day5.75 | 🐦229 | 预测280±34 | HOLD [LOW] | 持仓0 | USDC $1.764476
[2026-03-26 10:09:30] Day5.76 | 🐦229 | 预测280±34 | HOLD [LOW] | 持仓0 | USDC $1.764476
[2026-03-26 10:14:34] Day5.76 | 🐦229 | 预测280±34 | HOLD [LOW] | 持仓0 | USDC $1.764476
[2026-03-26 10:19:35] Day5.76 | 🐦229 | 预测280±34 | HOLD [LOW] | 持仓0 | USDC $1.764476
[2026-03-26 10:24:37] Day5.77 | 🐦229 | 预测280±34 | HOLD [LOW] | 持仓0 | USDC $1.764476
[2026-03-26 10:29:39] Day5.77 | 🐦229 | 预测279±34 | HOLD [LOW] | 持仓0 | USDC $1.764476
[2026-03-26 10:34:41] Day5.77 | 🐦229 | 预测279±34 | HOLD [LOW] | 持仓0 | USDC $1.764476
[2026-03-26 10:39:42] Day5.78 | 🐦229 | 预测279±34 | HOLD [LOW] | 持仓0 | USDC $1.764476
[2026-03-26 10:44:43] Day5.78 | 🐦229 | 预测279±34 | HOLD [LOW] | 持仓0 | USDC $1.764476
[2026-03-26 10:49:45] Day5.78 | 🐦229 | 预测279±34 | HOLD [LOW] | 持仓0 | USDC $1.764476
[2026-03-26 10:54:46] Day5.79 | 🐦229 | 预测279±34 | HOLD [LOW] | 持仓0 | USDC $1.764476
[2026-03-26 10:59:47] Day5.79 | 🐦229 | 预测278±34 | HOLD [LOW] | 持仓0 | USDC $1.764476
[2026-03-26 11:04:49] Day5.79 | 🐦229 | 预测278±34 | HOLD [LOW] | 持仓0 | USDC $1.764476
[2026-03-26 11:09:50] Day5.8 | 🐦229 | 预测278±34 | HOLD [LOW] | 持仓0 | USDC $1.764476
[2026-03-26 11:14:51] Day5.8 | 🐦229 | 预测278±34 | HOLD [LOW] | 持仓0 | USDC $1.764476
[2026-03-26 11:19:55] Day5.81 | 🐦229 | 预测278±34 | HOLD [LOW] | 持仓0 | USDC $1.764476
[2026-03-26 11:24:56] Day5.81 | 🐦229 | 预测278±34 | HOLD [LOW] | 持仓0 | USDC $1.764476
[2026-03-26 11:29:58] Day5.81 | 🐦229 | 预测277±34 | HOLD [LOW] | 持仓0 | USDC $1.764476
[2026-03-26 11:34:59] Day5.82 | 🐦229 | 预测277±33 | HOLD [LOW] | 持仓0 | USDC $1.764476
[2026-03-26 11:40:00] Day5.82 | 🐦229 | 预测277±33 | HOLD [LOW] | 持仓0 | USDC $1.764476
[2026-03-26 11:45:02] Day5.82 | 🐦229 | 预测277±33 | HOLD [LOW] | 持仓0 | USDC $1.764476
[2026-03-26 11:50:04] Day5.83 | 🐦229 | 预测277±33 | HOLD [LOW] | 持仓0 | USDC $1.764476
[2026-03-26 11:55:07] Day5.83 | 🐦229 | 预测277±33 | HOLD [LOW] | 持仓0 | USDC $1.764476
[2026-03-26 12:00:09] Day5.83 | 🐦229 | 预测276±33 | HOLD [LOW] | 持仓0 | USDC $1.764476
[2026-03-26 12:05:11] Day5.84 | 🐦229 | 预测276±33 | HOLD [LOW] | 持仓0 | USDC $1.764476
[2026-03-26 12:10:13] Day5.84 | 🐦229 | 预测276±33 | HOLD [LOW] | 持仓0 | USDC $1.764476
[2026-03-26 12:15:15] Day5.84 | 🐦229 | 预测276±33 | HOLD [LOW] | 持仓0 | USDC $1.764476
[2026-03-26 12:20:16] Day5.85 | 🐦229 | 预测276±33 | HOLD [LOW] | 持仓0 | USDC $1.764476
[2026-03-26 12:25:17] Day5.85 | 🐦229 | 预测275±33 | HOLD [LOW] | 持仓0 | USDC $1.764476
[2026-03-26 12:30:19] Day5.85 | 🐦229 | 预测275±33 | HOLD [LOW] | 持仓0 | USDC $1.764476
[2026-03-26 12:35:20] Day5.86 | 🐦229 | 预测275±33 | HOLD [LOW] | 持仓0 | USDC $1.764476
[2026-03-26 12:40:22] Day5.86 | 🐦229 | 预测275±33 | HOLD [LOW] | 持仓0 | USDC $1.764476
[2026-03-26 12:45:23] Day5.86 | 🐦229 | 预测275±33 | HOLD [LOW] | 持仓0 | USDC $1.764476
[2026-03-26 12:50:25] Day5.87 | 🐦229 | 预测275±33 | HOLD [LOW] | 持仓0 | USDC $1.764476
[2026-03-26 12:55:26] Day5.87 | 🐦229 | 预测274±33 | HOLD [LOW] | 持仓0 | USDC $1.764476
[2026-03-26 13:00:27] Day5.88 | 🐦229 | 预测274±33 | HOLD [LOW] | 持仓0 | USDC $1.764476
[2026-03-26 13:05:29] Day5.88 | 🐦229 | 预测274±33 | HOLD [LOW] | 持仓0 | USDC $1.764476
[2026-03-26 13:10:30] Day5.88 | 🐦229 | 预测274±33 | HOLD [LOW] | 持仓0 | USDC $1.764476
[2026-03-26 13:15:32] Day5.89 | 🐦229 | 预测274±33 | HOLD [LOW] | 持仓0 | USDC $1.764476
[2026-03-26 13:20:19] Daemon shutting down
